2018-10-25T17:34:02+00:00 CRITICAL Uncaught Error: Class 'Service_Walker_Nav_Menu' not found in W:\domains\ksk.local\wp-content\themes\sptheme\template-parts\navigation\navigation-service.php:31
Stack trace:
#0 W:\domains\ksk.local\wp-includes\template.php(690): require()
#1 W:\domains\ksk.local\wp-includes\template.php(647): load_template('W:\\domains\\ksk....', false)
#2 W:\domains\ksk.local\wp-includes\general-template.php(155): locate_template(Array, true, false)
#3 W:\domains\ksk.local\wp-content\themes\sptheme\header.php(41): get_template_part('template-parts/...', 'service')
#4 W:\domains\ksk.local\wp-includes\template.php(688): require_once('W:\\domains\\ksk....')
#5 W:\domains\ksk.local\wp-includes\template.php(647): load_template('W:\\domains\\ksk....', true)
#6 W:\domains\ksk.local\wp-includes\general-template.php(41): locate_template(Array, true)
#7 W:\domains\ksk.local\wp-content\themes\sptheme\front-page.php(9): get_header()
#8 W:\domains\ksk.local\wp-includes\template-loader.php(74): include('W:\\domains\\ksk....')
#9 W:\domains в W:\domains\ksk.local\wp-content\themes\sptheme\template-parts\navigation\navigation-service.php на строке 31

2018-10-25T17:34:05+00:00 CRITICAL Uncaught Error: Class 'Service_Walker_Nav_Menu' not found in W:\domains\ksk.local\wp-content\themes\sptheme\template-parts\navigation\navigation-service.php:31
Stack trace:
#0 W:\domains\ksk.local\wp-includes\template.php(690): require()
#1 W:\domains\ksk.local\wp-includes\template.php(647): load_template('W:\\domains\\ksk....', false)
#2 W:\domains\ksk.local\wp-includes\general-template.php(155): locate_template(Array, true, false)
#3 W:\domains\ksk.local\wp-content\themes\sptheme\header.php(41): get_template_part('template-parts/...', 'service')
#4 W:\domains\ksk.local\wp-includes\template.php(688): require_once('W:\\domains\\ksk....')
#5 W:\domains\ksk.local\wp-includes\template.php(647): load_template('W:\\domains\\ksk....', true)
#6 W:\domains\ksk.local\wp-includes\general-template.php(41): locate_template(Array, true)
#7 W:\domains\ksk.local\wp-content\themes\sptheme\404.php(9): get_header()
#8 W:\domains\ksk.local\wp-includes\template-loader.php(74): include('W:\\domains\\ksk....')
#9 W:\domains\ksk.lo в W:\domains\ksk.local\wp-content\themes\sptheme\template-parts\navigation\navigation-service.php на строке 31

2018-10-25T17:34:06+00:00 CRITICAL Uncaught Error: Class 'Service_Walker_Nav_Menu' not found in W:\domains\ksk.local\wp-content\themes\sptheme\template-parts\navigation\navigation-service.php:31
Stack trace:
#0 W:\domains\ksk.local\wp-includes\template.php(690): require()
#1 W:\domains\ksk.local\wp-includes\template.php(647): load_template('W:\\domains\\ksk....', false)
#2 W:\domains\ksk.local\wp-includes\general-template.php(155): locate_template(Array, true, false)
#3 W:\domains\ksk.local\wp-content\themes\sptheme\header.php(41): get_template_part('template-parts/...', 'service')
#4 W:\domains\ksk.local\wp-includes\template.php(688): require_once('W:\\domains\\ksk....')
#5 W:\domains\ksk.local\wp-includes\template.php(647): load_template('W:\\domains\\ksk....', true)
#6 W:\domains\ksk.local\wp-includes\general-template.php(41): locate_template(Array, true)
#7 W:\domains\ksk.local\wp-content\themes\sptheme\404.php(9): get_header()
#8 W:\domains\ksk.local\wp-includes\template-loader.php(74): include('W:\\domains\\ksk....')
#9 W:\domains\ksk.lo в W:\domains\ksk.local\wp-content\themes\sptheme\template-parts\navigation\navigation-service.php на строке 31

2018-10-26T01:56:43+00:00 CRITICAL syntax error, unexpected '$images' (T_VARIABLE) в W:\domains\ksk.local\wp-content\themes\sptheme\template-parts\home\home-partners.php на строке 11

2018-10-26T01:58:34+00:00 CRITICAL syntax error, unexpected '$_images' (T_VARIABLE) в W:\domains\ksk.local\wp-content\themes\sptheme\template-parts\home\home-partners.php на строке 11

